Traceback (most recent call last):
  File "/home/hall/.local/lib/python3.12/site-packages/environ/environ.py", line 357, in get_value
    value = self.ENVIRON[var]
            ~~~~~~~~~~~~^^^^^
  File "<frozen os>", line 685, in __getitem__
KeyError: 'SECRET_KEY'

During handling of the above exception, another exception occurred:

Traceback (most recent call last):
  File "/home/hall/Downloads/HomeAssessment/backend/manage.py", line 19, in <module>
    main()
  File "/home/hall/Downloads/HomeAssessment/backend/manage.py", line 16, in main
    execute_from_command_line(sys.argv)
  File "/home/hall/.local/lib/python3.12/site-packages/django/core/management/__init__.py", line 419, in execute_from_command_line
    utility.execute()
  File "/home/hall/.local/lib/python3.12/site-packages/django/core/management/__init__.py", line 413, in execute
    self.fetch_command(subcommand).run_from_argv(self.argv)
  File "/home/hall/.local/lib/python3.12/site-packages/django/core/management/base.py", line 354, in run_from_argv
    self.execute(*args, **cmd_options)
  File "/home/hall/.local/lib/python3.12/site-packages/django/core/management/commands/runserver.py", line 61, in execute
    super().execute(*args, **options)
  File "/home/hall/.local/lib/python3.12/site-packages/django/core/management/base.py", line 398, in execute
    output = self.handle(*args, **options)
             ^^^^^^^^^^^^^^^^^^^^^^^^^^^^^
  File "/home/hall/.local/lib/python3.12/site-packages/django/core/management/commands/runserver.py", line 68, in handle
    if not settings.DEBUG and not settings.ALLOWED_HOSTS:
           ^^^^^^^^^^^^^^
  File "/home/hall/.local/lib/python3.12/site-packages/django/conf/__init__.py", line 82, in __getattr__
    self._setup(name)
  File "/home/hall/.local/lib/python3.12/site-packages/django/conf/__init__.py", line 69, in _setup
    self._wrapped = Settings(settings_module)
                    ^^^^^^^^^^^^^^^^^^^^^^^^^
  File "/home/hall/.local/lib/python3.12/site-packages/django/conf/__init__.py", line 170, in __init__
    mod = importlib.import_module(self.SETTINGS_MODULE)
          ^^^^^^^^^^^^^^^^^^^^^^^^^^^^^^^^^^^^^^^^^^^^^
  File "/usr/lib/python3.12/importlib/__init__.py", line 90, in import_module
    return _bootstrap._gcd_import(name[level:], package, level)
           ^^^^^^^^^^^^^^^^^^^^^^^^^^^^^^^^^^^^^^^^^^^^^^^^^^^^
  File "<frozen importlib._bootstrap>", line 1387, in _gcd_import
  File "<frozen importlib._bootstrap>", line 1360, in _find_and_load
  File "<frozen importlib._bootstrap>", line 1331, in _find_and_load_unlocked
  File "<frozen importlib._bootstrap>", line 935, in _load_unlocked
  File "<frozen importlib._bootstrap_external>", line 995, in exec_module
  File "<frozen importlib._bootstrap>", line 488, in _call_with_frames_removed
  File "/home/hall/Downloads/HomeAssessment/backend/config/settings.py", line 21, in <module>
    SECRET_KEY = env("SECRET_KEY")
                 ^^^^^^^^^^^^^^^^^
  File "/home/hall/.local/lib/python3.12/site-packages/environ/environ.py", line 165, in __call__
    return self.get_value(
           ^^^^^^^^^^^^^^^
  File "/home/hall/.local/lib/python3.12/site-packages/environ/environ.py", line 361, in get_value
    raise ImproperlyConfigured(error_msg)
django.core.exceptions.ImproperlyConfigured: Set the SECRET_KEY environment variable
