Watching for file changes with StatReloader
Performing system checks...

System check identified no issues (0 silenced).
February 19, 2026 - 02:17:17
Django version 3.2.7, using settings 'config.settings.development'
Starting development server at http://0.0.0.0:8000/
Quit the server with CONTROL-C.
/home/hall/Downloads/HomeAssessment/backend/apps/common/models.py changed, reloading.
Watching for file changes with StatReloader
Performing system checks...

System check identified no issues (0 silenced).
February 19, 2026 - 02:17:27
Django version 3.2.7, using settings 'config.settings.development'
Starting development server at http://0.0.0.0:8000/
Quit the server with CONTROL-C.
/home/hall/Downloads/HomeAssessment/backend/config/settings/base.py changed, reloading.
Traceback (most recent call last):
  File "/usr/lib/python3.12/logging/config.py", line 581, in configure
    handler = self.configure_handler(handlers[name])
              ^^^^^^^^^^^^^^^^^^^^^^^^^^^^^^^^^^^^^^
  File "/usr/lib/python3.12/logging/config.py", line 848, in configure_handler
    result = factory(**kwargs)
             ^^^^^^^^^^^^^^^^^
  File "/usr/lib/python3.12/logging/__init__.py", line 1231, in __init__
    StreamHandler.__init__(self, self._open())
                                 ^^^^^^^^^^^^
  File "/usr/lib/python3.12/logging/__init__.py", line 1263, in _open
    return open_func(self.baseFilename, self.mode,
           ^^^^^^^^^^^^^^^^^^^^^^^^^^^^^^^^^^^^^^^
FileNotFoundError: [Errno 2] No such file or directory: '/home/hall/Downloads/HomeAssessment/backend/logs/baisoft.log'

The above exception was the direct cause of the following exception:

Traceback (most recent call last):
  File "/home/hall/Downloads/HomeAssessment/backend/manage.py", line 19, in <module>
    main()
  File "/home/hall/Downloads/HomeAssessment/backend/manage.py", line 16, in main
    execute_from_command_line(sys.argv)
  File "/home/hall/.local/lib/python3.12/site-packages/django/core/management/__init__.py", line 419, in execute_from_command_line
    utility.execute()
  File "/home/hall/.local/lib/python3.12/site-packages/django/core/management/__init__.py", line 363, in execute
    settings.INSTALLED_APPS
  File "/home/hall/.local/lib/python3.12/site-packages/django/conf/__init__.py", line 82, in __getattr__
    self._setup(name)
  File "/home/hall/.local/lib/python3.12/site-packages/django/conf/__init__.py", line 69, in _setup
    self._wrapped = Settings(settings_module)
                    ^^^^^^^^^^^^^^^^^^^^^^^^^
  File "/home/hall/.local/lib/python3.12/site-packages/django/conf/__init__.py", line 170, in __init__
    mod = importlib.import_module(self.SETTINGS_MODULE)
          ^^^^^^^^^^^^^^^^^^^^^^^^^^^^^^^^^^^^^^^^^^^^^
  File "/usr/lib/python3.12/importlib/__init__.py", line 90, in import_module
    return _bootstrap._gcd_import(name[level:], package, level)
           ^^^^^^^^^^^^^^^^^^^^^^^^^^^^^^^^^^^^^^^^^^^^^^^^^^^^
  File "<frozen importlib._bootstrap>", line 1387, in _gcd_import
  File "<frozen importlib._bootstrap>", line 1360, in _find_and_load
  File "<frozen importlib._bootstrap>", line 1331, in _find_and_load_unlocked
  File "<frozen importlib._bootstrap>", line 935, in _load_unlocked
  File "<frozen importlib._bootstrap_external>", line 995, in exec_module
  File "<frozen importlib._bootstrap>", line 488, in _call_with_frames_removed
  File "/home/hall/Downloads/HomeAssessment/backend/config/settings/development.py", line 1, in <module>
    from .base import *
  File "/home/hall/Downloads/HomeAssessment/backend/config/settings/base.py", line 155, in <module>
    logging.config.dictConfig(
  File "/usr/lib/python3.12/logging/config.py", line 914, in dictConfig
    dictConfigClass(config).configure()
  File "/usr/lib/python3.12/logging/config.py", line 588, in configure
    raise ValueError('Unable to configure handler '
ValueError: Unable to configure handler 'file'
