2026-02-19 02:26:29,617 django.utils.autoreload INFO     Watching for file changes with StatReloader
2026-02-19 02:26:42,475 django.request WARNING  Unauthorized: /api/v1/auth/users/
2026-02-19 02:35:08,037 django.utils.autoreload INFO     Watching for file changes with StatReloader
2026-02-19 02:43:43,301 django.request WARNING  Bad Request: /api/v1/auth/users/
2026-02-19 03:04:42,639 django.request WARNING  Forbidden: /api/v1/products/
2026-02-19 03:06:58,106 django.request WARNING  Forbidden: /api/v1/products/
2026-02-19 03:08:03,681 django.request WARNING  Unauthorized: /api/v1/auth/users/
2026-02-19 03:08:57,671 django.request WARNING  Not Found: /api/products/
2026-02-19 03:09:20,398 django.request WARNING  Unauthorized: /api/v1/products/
2026-02-19 03:10:14,802 django.utils.autoreload INFO     /home/hall/Downloads/HomeAssessment/backend/apps/users/serializers.py changed, reloading.
2026-02-19 03:10:15,532 django.utils.autoreload INFO     Watching for file changes with StatReloader
2026-02-19 03:48:03,460 django.request WARNING  Unauthorized: /api/v1/products/
2026-02-19 03:48:04,472 django.request WARNING  Unauthorized: /api/v1/products/
2026-02-19 03:48:06,484 django.request WARNING  Unauthorized: /api/v1/products/
2026-02-19 03:48:10,499 django.request WARNING  Unauthorized: /api/v1/products/
2026-02-19 03:49:24,742 django.request WARNING  Forbidden: /api/v1/products/
2026-02-19 03:49:26,108 django.request WARNING  Unauthorized: /api/v1/products/
2026-02-19 03:49:27,129 django.request WARNING  Unauthorized: /api/v1/products/
2026-02-19 03:49:29,141 django.request WARNING  Unauthorized: /api/v1/products/
2026-02-19 03:49:33,154 django.request WARNING  Unauthorized: /api/v1/products/
2026-02-19 03:50:26,195 django.request WARNING  Unauthorized: /api/v1/products/
2026-02-19 03:52:05,077 django.request WARNING  Forbidden: /api/v1/products/
2026-02-19 03:55:02,405 django.request WARNING  Not Found: /api/v1/businesses/
2026-02-19 03:56:26,944 django.request WARNING  Not Found: /api/v1/businesses/
2026-02-19 03:56:27,040 django.request WARNING  Not Found: /api/v1/business/
2026-02-19 03:56:27,136 django.request WARNING  Not Found: /api/v1/profiles/
2026-02-19 03:56:27,234 django.request WARNING  Not Found: /api/v1/profile/me/
2026-02-19 03:58:10,515 django.request WARNING  Unauthorized: /api/v1/products/
2026-02-19 03:58:11,535 django.request WARNING  Unauthorized: /api/v1/products/
2026-02-19 03:58:13,545 django.request WARNING  Unauthorized: /api/v1/products/
2026-02-19 03:58:17,554 django.request WARNING  Unauthorized: /api/v1/products/
2026-02-19 04:00:14,824 django.request WARNING  Unauthorized: /api/v1/auth/jwt/create/
2026-02-19 04:01:08,299 django.request WARNING  Unauthorized: /api/v1/products/
2026-02-19 04:09:33,406 django.utils.autoreload INFO     /home/hall/Downloads/HomeAssessment/backend/apps/users/serializers.py changed, reloading.
2026-02-19 04:09:34,314 django.utils.autoreload INFO     Watching for file changes with StatReloader
2026-02-19 04:09:54,113 django.utils.autoreload INFO     /home/hall/Downloads/HomeAssessment/backend/apps/users/serializers.py changed, reloading.
2026-02-19 04:09:54,971 django.utils.autoreload INFO     Watching for file changes with StatReloader
2026-02-19 04:13:15,562 django.utils.autoreload INFO     /home/hall/Downloads/HomeAssessment/backend/apps/users/serializers.py changed, reloading.
2026-02-19 04:13:16,412 django.utils.autoreload INFO     Watching for file changes with StatReloader
2026-02-19 04:14:22,320 django.utils.autoreload INFO     /home/hall/Downloads/HomeAssessment/backend/apps/users/serializers.py changed, reloading.
2026-02-19 04:14:23,239 django.utils.autoreload INFO     Watching for file changes with StatReloader
2026-02-19 04:14:40,981 django.utils.autoreload INFO     /home/hall/Downloads/HomeAssessment/backend/apps/users/serializers.py changed, reloading.
2026-02-19 04:14:41,839 django.utils.autoreload INFO     Watching for file changes with StatReloader
2026-02-19 04:15:17,093 django.utils.autoreload INFO     /home/hall/Downloads/HomeAssessment/backend/config/urls.py changed, reloading.
2026-02-19 04:15:18,112 django.utils.autoreload INFO     Watching for file changes with StatReloader
2026-02-19 04:15:47,110 django.utils.autoreload INFO     /home/hall/Downloads/HomeAssessment/backend/apps/users/serializers.py changed, reloading.
2026-02-19 04:15:47,912 django.utils.autoreload INFO     Watching for file changes with StatReloader
2026-02-19 04:15:59,534 django.utils.autoreload INFO     /home/hall/Downloads/HomeAssessment/backend/apps/users/managers.py changed, reloading.
2026-02-19 04:16:00,432 django.utils.autoreload INFO     Watching for file changes with StatReloader
2026-02-19 04:16:51,931 django.utils.autoreload INFO     /home/hall/Downloads/HomeAssessment/backend/apps/products/serializers.py changed, reloading.
2026-02-19 04:16:52,723 django.utils.autoreload INFO     Watching for file changes with StatReloader
2026-02-19 04:17:55,787 django.request ERROR    Internal Server Error: /api/v1/products/ff90d8e2-341a-4c48-b2e4-c1ccb21245f2/approve/
Traceback (most recent call last):
  File "/home/hall/.local/lib/python3.12/site-packages/django/db/backends/utils.py", line 108, in debug_sql
    yield
  File "/home/hall/.local/lib/python3.12/site-packages/django/db/backends/utils.py", line 98, in execute
    return super().execute(sql, params)
           ^^^^^^^^^^^^^^^^^^^^^^^^^^^^
  File "/home/hall/.local/lib/python3.12/site-packages/django/db/backends/utils.py", line 66, in execute
    return self._execute_with_wrappers(sql, params, many=False, executor=self._execute)
           ^^^^^^^^^^^^^^^^^^^^^^^^^^^^^^^^^^^^^^^^^^^^^^^^^^^^^^^^^^^^^^^^^^^^^^^^^^^^
  File "/home/hall/.local/lib/python3.12/site-packages/django/db/backends/utils.py", line 75, in _execute_with_wrappers
    return executor(sql, params, many, context)
           ^^^^^^^^^^^^^^^^^^^^^^^^^^^^^^^^^^^^
  File "/home/hall/.local/lib/python3.12/site-packages/django/db/backends/utils.py", line 84, in _execute
    return self.cursor.execute(sql, params)
           ^^^^^^^^^^^^^^^^^^^^^^^^^^^^^^^^
  File "/home/hall/.local/lib/python3.12/site-packages/django/db/backends/sqlite3/base.py", line 423, in execute
    return Database.Cursor.execute(self, query, params)
           ^^^^^^^^^^^^^^^^^^^^^^^^^^^^^^^^^^^^^^^^^^^^
OverflowError: Python int too large to convert to SQLite INTEGER

During handling of the above exception, another exception occurred:

Traceback (most recent call last):
  File "/home/hall/.local/lib/python3.12/site-packages/django/core/handlers/exception.py", line 47, in inner
    response = get_response(request)
               ^^^^^^^^^^^^^^^^^^^^^
  File "/home/hall/.local/lib/python3.12/site-packages/django/core/handlers/base.py", line 181, in _get_response
    response = wrapped_callback(request, *callback_args, **callback_kwargs)
               ^^^^^^^^^^^^^^^^^^^^^^^^^^^^^^^^^^^^^^^^^^^^^^^^^^^^^^^^^^^^
  File "/home/hall/.local/lib/python3.12/site-packages/django/views/decorators/csrf.py", line 54, in wrapped_view
    return view_func(*args, **kwargs)
           ^^^^^^^^^^^^^^^^^^^^^^^^^^
  File "/home/hall/.local/lib/python3.12/site-packages/django/views/generic/base.py", line 70, in view
    return self.dispatch(request, *args, **kwargs)
           ^^^^^^^^^^^^^^^^^^^^^^^^^^^^^^^^^^^^^^^
  File "/home/hall/.local/lib/python3.12/site-packages/rest_framework/views.py", line 509, in dispatch
    response = self.handle_exception(exc)
               ^^^^^^^^^^^^^^^^^^^^^^^^^^
  File "/home/hall/.local/lib/python3.12/site-packages/rest_framework/views.py", line 469, in handle_exception
    self.raise_uncaught_exception(exc)
  File "/home/hall/.local/lib/python3.12/site-packages/rest_framework/views.py", line 480, in raise_uncaught_exception
    raise exc
  File "/home/hall/.local/lib/python3.12/site-packages/rest_framework/views.py", line 506, in dispatch
    response = handler(request, *args, **kwargs)
               ^^^^^^^^^^^^^^^^^^^^^^^^^^^^^^^^^
  File "/home/hall/.local/lib/python3.12/site-packages/rest_framework/decorators.py", line 50, in handler
    return func(*args, **kwargs)
           ^^^^^^^^^^^^^^^^^^^^^
  File "/home/hall/Downloads/HomeAssessment/backend/apps/products/views.py", line 56, in approve_product_view
    product = get_object_or_404(Product, pk=pk, business=request.user.business)
              ^^^^^^^^^^^^^^^^^^^^^^^^^^^^^^^^^^^^^^^^^^^^^^^^^^^^^^^^^^^^^^^^^
  File "/home/hall/.local/lib/python3.12/site-packages/django/shortcuts.py", line 76, in get_object_or_404
    return queryset.get(*args, **kwargs)
           ^^^^^^^^^^^^^^^^^^^^^^^^^^^^^
  File "/home/hall/.local/lib/python3.12/site-packages/django/db/models/query.py", line 431, in get
    num = len(clone)
          ^^^^^^^^^^
  File "/home/hall/.local/lib/python3.12/site-packages/django/db/models/query.py", line 262, in __len__
    self._fetch_all()
  File "/home/hall/.local/lib/python3.12/site-packages/django/db/models/query.py", line 1324, in _fetch_all
    self._result_cache = list(self._iterable_class(self))
                         ^^^^^^^^^^^^^^^^^^^^^^^^^^^^^^^^
  File "/home/hall/.local/lib/python3.12/site-packages/django/db/models/query.py", line 51, in __iter__
    results = compiler.execute_sql(chunked_fetch=self.chunked_fetch, chunk_size=self.chunk_size)
              ^^^^^^^^^^^^^^^^^^^^^^^^^^^^^^^^^^^^^^^^^^^^^^^^^^^^^^^^^^^^^^^^^^^^^^^^^^^^^^^^^^
  File "/home/hall/.local/lib/python3.12/site-packages/django/db/models/sql/compiler.py", line 1175, in execute_sql
    cursor.execute(sql, params)
  File "/home/hall/.local/lib/python3.12/site-packages/django/db/backends/utils.py", line 97, in execute
    with self.debug_sql(sql, params, use_last_executed_query=True):
  File "/usr/lib/python3.12/contextlib.py", line 158, in __exit__
    self.gen.throw(value)
  File "/home/hall/.local/lib/python3.12/site-packages/django/db/backends/utils.py", line 113, in debug_sql
    sql = self.db.ops.last_executed_query(self.cursor, sql, params)
          ^^^^^^^^^^^^^^^^^^^^^^^^^^^^^^^^^^^^^^^^^^^^^^^^^^^^^^^^^
  File "/home/hall/.local/lib/python3.12/site-packages/django/db/backends/sqlite3/operations.py", line 159, in last_executed_query
    params = self._quote_params_for_last_executed_query(params)
             ^^^^^^^^^^^^^^^^^^^^^^^^^^^^^^^^^^^^^^^^^^^^^^^^^^
  File "/home/hall/.local/lib/python3.12/site-packages/django/db/backends/sqlite3/operations.py", line 148, in _quote_params_for_last_executed_query
    return cursor.execute(sql, params).fetchone()
           ^^^^^^^^^^^^^^^^^^^^^^^^^^^
OverflowError: Python int too large to convert to SQLite INTEGER
2026-02-19 04:18:41,391 django.utils.autoreload INFO     /home/hall/Downloads/HomeAssessment/backend/apps/products/views.py changed, reloading.
2026-02-19 04:18:42,258 django.utils.autoreload INFO     Watching for file changes with StatReloader
2026-02-19 04:18:57,382 django.utils.autoreload INFO     /home/hall/Downloads/HomeAssessment/backend/apps/products/views.py changed, reloading.
2026-02-19 04:18:58,262 django.utils.autoreload INFO     Watching for file changes with StatReloader
2026-02-19 04:19:30,052 django.utils.autoreload INFO     /home/hall/Downloads/HomeAssessment/backend/apps/products/views.py changed, reloading.
2026-02-19 04:19:31,000 django.utils.autoreload INFO     Watching for file changes with StatReloader
